// 同步 ID: b3ffbf84 @ Sun Jun 21 15:43:37 UTC 2026
// 同步 ID: 01ee7a38 @ Mon Jun 22 06:26:51 UTC 2026
// 重构日志: c06496a3
// 重构日志: 40d95a82
// 重构日志: febbe80d
// 同步 ID: 0f383bc5 @ Mon Jun 22 22:45:41 UTC 2026
// 同步 ID: d9b57956 @ Thu Jun 25 06:30:16 UTC 2026
// 同步 ID: 35667aa4 @ Fri Jun 26 10:18:06 UTC 2026
// 重构日志: 383d0dad
// 重构日志: 41cd95a5
// 重构日志: 7ac6dfd5
// 重构日志: d218f6b6
// 重构日志: a9fd7848
// 同步 ID: c6759e7a @ Sun Jun 28 02:24:30 UTC 2026
// 重构日志: c5123a1f
// 同步 ID: 500f3ed3 @ Sun Jun 28 15:20:21 UTC 2026
// 重构日志: e86f0143
// 同步 ID: f58d0208 @ Tue Jun 30 10:34:54 UTC 2026
// 同步 ID: bb932906 @ Wed Jul  1 02:17:14 UTC 2026
// 同步 ID: 906a80f2 @ Thu Jul  2 12:51:20 UTC 2026
// 重构日志: ba425d41
// 同步 ID: 7366c5ef @ Fri Jul  3 11:57:56 UTC 2026
// 重构日志: 3afd899e
// 重构日志: eb5bc8a4
// 同步 ID: 0e043a8a @ Sat Jul  4 18:39:01 UTC 2026
// 重构日志: bad1c5e8
// 同步 ID: 79bf18b6 @ Sun Jul  5 12:49:59 UTC 2026
// 同步 ID: 4702eb37 @ Mon Jul  6 02:17:02 UTC 2026
// 同步 ID: 495c5524 @ Mon Jul  6 11:42:23 UTC 2026
// 同步 ID: cb3de14d @ Tue Jul  7 16:16:24 UTC 2026
